20:23:11.363 [main] [o.s.c.o.b.m.d.t.JsonDtoTests] DEBUG org.solent.com504.oodd.bank.model.dto.test.JsonDtoTests - Json transactionRequest output:
{
  "fromCard" : {
    "name" : "",
    "endDate" : "",
    "cardnumber" : "",
    "cvv" : "111",
    "issueNumber" : "01"
  },
  "toCard" : {
    "name" : "",
    "endDate" : "",
    "cardnumber" : "",
    "cvv" : "111",
    "issueNumber" : "01"
  },
  "amount" : 100.01
}
20:23:12.123 [main] [o.s.c.o.p.t.PasswordUtilsTest] DEBUG org.solent.com504.oodd.password.test.PasswordUtilsTest - password=1234567890 hashedpw=$2a$12$LfVSJ0R3VbbmpGHlKXBQpOvnRj3.6v7zaHWgV9AsOfp.Uj3zBTA0q
20:23:12.530 [main] [o.s.c.o.p.t.PasswordUtilsTest] DEBUG org.solent.com504.oodd.password.test.PasswordUtilsTest - password 1234567890 matches
20:23:13.232 [main] [o.s.c.o.p.t.PasswordUtilsTest] DEBUG org.solent.com504.oodd.password.test.PasswordUtilsTest - password 1234567890 does not match
